<?xml version="1.0" encoding="UTF-8"?>
<robot generator="Robot 5.0.1 (Python 3.10.4 on win32)" generated="20220708 08:46:48.669" rpa="false" schemaversion="3">
<suite id="s1" name="CheckoutAsGuest" source="e:\Belajar\Tutorial Python\Robot Framework\nopCommerce\CheckoutAsGuest.robot">
<test id="s1-t1" name="Homepage" line="9">
<kw name="Open Browser" library="SeleniumLibrary">
<arg>${url}</arg>
<arg>${browser}</arg>
<doc>Opens a new browser instance to the optional ``url``.</doc>
<msg timestamp="20220708 08:46:49.058" level="INFO">Opening browser 'firefox' to base url 'https://demo.nopcommerce.com/'.</msg>
<msg timestamp="20220708 08:46:49.061" level="INFO">Firefox driver log is always forced to to: E:\Belajar\Tutorial Python\Robot Framework\nopCommerce\geckodriver-12.log</msg>
<status status="PASS" starttime="20220708 08:46:49.058" endtime="20220708 08:46:58.857"/>
</kw>
<kw name="Element Should Be Visible" library="SeleniumLibrary">
<arg>//div[@class="header-logo"]</arg>
<doc>Verifies that the element identified by ``locator`` is visible.</doc>
<msg timestamp="20220708 08:46:58.930" level="INFO">Element '//div[@class="header-logo"]' is displayed.</msg>
<status status="PASS" starttime="20220708 08:46:58.857" endtime="20220708 08:46:58.930"/>
</kw>
<kw name="Click Link" library="SeleniumLibrary">
<arg>Computers</arg>
<doc>Clicks a link identified by ``locator``.</doc>
<msg timestamp="20220708 08:46:58.932" level="INFO">Clicking link 'Computers'.</msg>
<status status="PASS" starttime="20220708 08:46:58.931" endtime="20220708 08:47:00.223"/>
</kw>
<kw name="Sleep" library="BuiltIn">
<arg>5s</arg>
<doc>Pauses the test executed for the given time.</doc>
<msg timestamp="20220708 08:47:05.241" level="INFO">Slept 5 seconds</msg>
<status status="PASS" starttime="20220708 08:47:00.227" endtime="20220708 08:47:05.242"/>
</kw>
<status status="PASS" starttime="20220708 08:46:49.057" endtime="20220708 08:47:05.244"/>
</test>
<test id="s1-t2" name="SelectProduct" line="15">
<kw name="Element Should Be Visible" library="SeleniumLibrary">
<arg>//div[@class="header-logo"]</arg>
<doc>Verifies that the element identified by ``locator`` is visible.</doc>
<msg timestamp="20220708 08:47:05.340" level="INFO">Element '//div[@class="header-logo"]' is displayed.</msg>
<status status="PASS" starttime="20220708 08:47:05.260" endtime="20220708 08:47:05.340"/>
</kw>
<kw name="Get WebElement" library="SeleniumLibrary">
<var>${notebooks}</var>
<arg>(//a[@href="/notebooks"])[1]</arg>
<doc>Returns the first WebElement matching the given ``locator``.</doc>
<msg timestamp="20220708 08:47:05.353" level="INFO">${notebooks} = &lt;selenium.webdriver.remote.webelement.WebElement (session="787bb394-5c97-4430-ac86-01424854d992", element="3a0df06c-c8d6-45b8-8305-fd5e22c85419")&gt;</msg>
<status status="PASS" starttime="20220708 08:47:05.342" endtime="20220708 08:47:05.353"/>
</kw>
<kw name="Execute Javascript" library="SeleniumLibrary">
<arg>arguments[0].click();</arg>
<arg>ARGUMENTS</arg>
<arg>${notebooks}</arg>
<doc>Executes the given JavaScript code with possible arguments.</doc>
<msg timestamp="20220708 08:47:05.353" level="INFO">Executing JavaScript:
arguments[0].click();
By using argument:
'&lt;selenium.webdriver.remote.webelement.WebElement (session="787bb394-5c97-4430-ac86-01424854d992", element="3a0df06c-c8d6-45b8-8305-fd5e22c85419")&gt;'</msg>
<status status="PASS" starttime="20220708 08:47:05.353" endtime="20220708 08:47:05.381"/>
</kw>
<kw name="Sleep" library="BuiltIn">
<arg>5s</arg>
<doc>Pauses the test executed for the given time.</doc>
<msg timestamp="20220708 08:47:10.414" level="INFO">Slept 5 seconds</msg>
<status status="PASS" starttime="20220708 08:47:05.383" endtime="20220708 08:47:10.414"/>
</kw>
<kw name="Page Should Contain List" library="SeleniumLibrary">
<arg>//select[@name="products-orderby"]</arg>
<doc>Verifies selection list ``locator`` is found from current page.</doc>
<msg timestamp="20220708 08:47:10.463" level="INFO">Current page contains list '//select[@name="products-orderby"]'.</msg>
<status status="PASS" starttime="20220708 08:47:10.417" endtime="20220708 08:47:10.463"/>
</kw>
<kw name="Select From List By Value" library="SeleniumLibrary">
<arg>//select[@name="products-orderby"]</arg>
<arg>11</arg>
<doc>Selects options from selection list ``locator`` by ``values``.</doc>
<msg timestamp="20220708 08:47:10.468" level="INFO">Selecting options from selection list '//select[@name="products-orderby"]' by value 11.</msg>
<status status="PASS" starttime="20220708 08:47:10.463" endtime="20220708 08:47:10.913"/>
</kw>
<kw name="Wait Until Element Is Visible" library="SeleniumLibrary">
<arg>//div[@class="page-body"]</arg>
<doc>Waits until the element ``locator`` is visible.</doc>
<status status="PASS" starttime="20220708 08:47:10.915" endtime="20220708 08:47:11.045"/>
</kw>
<kw name="Sleep" library="BuiltIn">
<arg>1s</arg>
<doc>Pauses the test executed for the given time.</doc>
<msg timestamp="20220708 08:47:12.062" level="INFO">Slept 1 second</msg>
<status status="PASS" starttime="20220708 08:47:11.047" endtime="20220708 08:47:12.063"/>
</kw>
<kw name="Click Button" library="SeleniumLibrary">
<arg>(//button[@class="button-2 product-box-add-to-cart-button"])[1]</arg>
<doc>Clicks the button identified by ``locator``.</doc>
<msg timestamp="20220708 08:47:12.068" level="INFO">Clicking button '(//button[@class="button-2 product-box-add-to-cart-button"])[1]'.</msg>
<status status="PASS" starttime="20220708 08:47:12.067" endtime="20220708 08:47:12.447"/>
</kw>
<kw name="Sleep" library="BuiltIn">
<arg>5s</arg>
<doc>Pauses the test executed for the given time.</doc>
<msg timestamp="20220708 08:47:17.457" level="INFO">Slept 5 seconds</msg>
<status status="PASS" starttime="20220708 08:47:12.447" endtime="20220708 08:47:17.457"/>
</kw>
<status status="PASS" starttime="20220708 08:47:05.255" endtime="20220708 08:47:17.458"/>
</test>
<test id="s1-t3" name="ProductDetail" line="27">
<kw name="Element Should Be Visible" library="SeleniumLibrary">
<arg>//div[@class="header-logo"]</arg>
<doc>Verifies that the element identified by ``locator`` is visible.</doc>
<msg timestamp="20220708 08:47:17.556" level="INFO">Element '//div[@class="header-logo"]' is displayed.</msg>
<status status="PASS" starttime="20220708 08:47:17.471" endtime="20220708 08:47:17.556"/>
</kw>
<kw name="Click Button" library="SeleniumLibrary">
<arg>//button[@id="add-to-cart-button-4"]</arg>
<doc>Clicks the button identified by ``locator``.</doc>
<msg timestamp="20220708 08:47:17.556" level="INFO">Clicking button '//button[@id="add-to-cart-button-4"]'.</msg>
<status status="PASS" starttime="20220708 08:47:17.556" endtime="20220708 08:47:17.855"/>
</kw>
<kw name="Sleep" library="BuiltIn">
<arg>5s</arg>
<doc>Pauses the test executed for the given time.</doc>
<msg timestamp="20220708 08:47:22.862" level="INFO">Slept 5 seconds</msg>
<status status="PASS" starttime="20220708 08:47:17.855" endtime="20220708 08:47:22.863"/>
</kw>
<kw name="Click Link" library="SeleniumLibrary">
<arg>(//a[@href="/cart"])[1]</arg>
<doc>Clicks a link identified by ``locator``.</doc>
<msg timestamp="20220708 08:47:22.873" level="INFO">Clicking link '(//a[@href="/cart"])[1]'.</msg>
<status status="PASS" starttime="20220708 08:47:22.869" endtime="20220708 08:47:24.368"/>
</kw>
<kw name="Sleep" library="BuiltIn">
<arg>5s</arg>
<doc>Pauses the test executed for the given time.</doc>
<msg timestamp="20220708 08:47:29.373" level="INFO">Slept 5 seconds</msg>
<status status="PASS" starttime="20220708 08:47:24.369" endtime="20220708 08:47:29.373"/>
</kw>
<status status="PASS" starttime="20220708 08:47:17.463" endtime="20220708 08:47:29.373"/>
</test>
<test id="s1-t4" name="ShoppingCart" line="34">
<kw name="Element Should Be Visible" library="SeleniumLibrary">
<arg>//div[@class="header-logo"]</arg>
<doc>Verifies that the element identified by ``locator`` is visible.</doc>
<msg timestamp="20220708 08:47:29.473" level="INFO">Element '//div[@class="header-logo"]' is displayed.</msg>
<status status="PASS" starttime="20220708 08:47:29.387" endtime="20220708 08:47:29.473"/>
</kw>
<kw name="Page Should Contain List" library="SeleniumLibrary">
<arg>//select[@id="checkout_attribute_1"]</arg>
<doc>Verifies selection list ``locator`` is found from current page.</doc>
<msg timestamp="20220708 08:47:29.491" level="INFO">Current page contains list '//select[@id="checkout_attribute_1"]'.</msg>
<status status="PASS" starttime="20220708 08:47:29.473" endtime="20220708 08:47:29.491"/>
</kw>
<kw name="Select From List By Value" library="SeleniumLibrary">
<arg>//select[@id="checkout_attribute_1"]</arg>
<arg>2</arg>
<doc>Selects options from selection list ``locator`` by ``values``.</doc>
<msg timestamp="20220708 08:47:29.492" level="INFO">Selecting options from selection list '//select[@id="checkout_attribute_1"]' by value 2.</msg>
<status status="PASS" starttime="20220708 08:47:29.492" endtime="20220708 08:47:29.773"/>
</kw>
<kw name="Select Checkbox" library="SeleniumLibrary">
<arg>//input[@id="termsofservice"]</arg>
<doc>Selects the checkbox identified by ``locator``.</doc>
<msg timestamp="20220708 08:47:29.773" level="INFO">Selecting checkbox '//input[@id="termsofservice"]'.</msg>
<status status="PASS" starttime="20220708 08:47:29.773" endtime="20220708 08:47:30.123"/>
</kw>
<kw name="Click Button" library="SeleniumLibrary">
<arg>//button[@id="checkout"]</arg>
<doc>Clicks the button identified by ``locator``.</doc>
<msg timestamp="20220708 08:47:30.123" level="INFO">Clicking button '//button[@id="checkout"]'.</msg>
<status status="PASS" starttime="20220708 08:47:30.123" endtime="20220708 08:47:34.692"/>
</kw>
<kw name="Sleep" library="BuiltIn">
<arg>5s</arg>
<doc>Pauses the test executed for the given time.</doc>
<msg timestamp="20220708 08:47:39.703" level="INFO">Slept 5 seconds</msg>
<status status="PASS" starttime="20220708 08:47:34.693" endtime="20220708 08:47:39.703"/>
</kw>
<kw name="Click Button" library="SeleniumLibrary">
<arg>//button[@class="button-1 checkout-as-guest-button"]</arg>
<doc>Clicks the button identified by ``locator``.</doc>
<msg timestamp="20220708 08:47:39.703" level="INFO">Clicking button '//button[@class="button-1 checkout-as-guest-button"]'.</msg>
<status status="PASS" starttime="20220708 08:47:39.703" endtime="20220708 08:47:42.186"/>
</kw>
<kw name="Sleep" library="BuiltIn">
<arg>5s</arg>
<doc>Pauses the test executed for the given time.</doc>
<msg timestamp="20220708 08:47:47.196" level="INFO">Slept 5 seconds</msg>
<status status="PASS" starttime="20220708 08:47:42.188" endtime="20220708 08:47:47.196"/>
</kw>
<status status="PASS" starttime="20220708 08:47:29.379" endtime="20220708 08:47:47.196"/>
</test>
<test id="s1-t5" name="BillingAddress" line="44">
<kw name="Element Should Be Visible" library="SeleniumLibrary">
<arg>//div[@class="header-logo"]</arg>
<doc>Verifies that the element identified by ``locator`` is visible.</doc>
<msg timestamp="20220708 08:47:47.301" level="INFO">Element '//div[@class="header-logo"]' is displayed.</msg>
<status status="PASS" starttime="20220708 08:47:47.211" endtime="20220708 08:47:47.301"/>
</kw>
<kw name="Input Text" library="SeleniumLibrary">
<arg>//input[@id="BillingNewAddress_FirstName"]</arg>
<arg>Cecep</arg>
<doc>Types the given ``text`` into the text field identified by ``locator``.</doc>
<msg timestamp="20220708 08:47:47.301" level="INFO">Typing text 'Cecep' into text field '//input[@id="BillingNewAddress_FirstName"]'.</msg>
<status status="PASS" starttime="20220708 08:47:47.301" endtime="20220708 08:47:47.437"/>
</kw>
<kw name="Input Text" library="SeleniumLibrary">
<arg>//input[@id="BillingNewAddress_LastName"]</arg>
<arg>Solehudin</arg>
<doc>Types the given ``text`` into the text field identified by ``locator``.</doc>
<msg timestamp="20220708 08:47:47.438" level="INFO">Typing text 'Solehudin' into text field '//input[@id="BillingNewAddress_LastName"]'.</msg>
<status status="PASS" starttime="20220708 08:47:47.438" endtime="20220708 08:47:47.503"/>
</kw>
<kw name="Input Text" library="SeleniumLibrary">
<arg>//input[@id="BillingNewAddress_Email"]</arg>
<arg>tes123@gmail.com</arg>
<doc>Types the given ``text`` into the text field identified by ``locator``.</doc>
<msg timestamp="20220708 08:47:47.505" level="INFO">Typing text 'tes123@gmail.com' into text field '//input[@id="BillingNewAddress_Email"]'.</msg>
<status status="PASS" starttime="20220708 08:47:47.504" endtime="20220708 08:47:47.548"/>
</kw>
<kw name="Input Text" library="SeleniumLibrary">
<arg>//input[@id="BillingNewAddress_Company"]</arg>
<arg>PT. Untung Terus</arg>
<doc>Types the given ``text`` into the text field identified by ``locator``.</doc>
<msg timestamp="20220708 08:47:47.549" level="INFO">Typing text 'PT. Untung Terus' into text field '//input[@id="BillingNewAddress_Company"]'.</msg>
<status status="PASS" starttime="20220708 08:47:47.549" endtime="20220708 08:47:47.593"/>
</kw>
<kw name="Page Should Contain List" library="SeleniumLibrary">
<arg>//select[@id="BillingNewAddress_CountryId"]</arg>
<doc>Verifies selection list ``locator`` is found from current page.</doc>
<msg timestamp="20220708 08:47:47.602" level="INFO">Current page contains list '//select[@id="BillingNewAddress_CountryId"]'.</msg>
<status status="PASS" starttime="20220708 08:47:47.593" endtime="20220708 08:47:47.602"/>
</kw>
<kw name="Select From List By Value" library="SeleniumLibrary">
<arg>//select[@id="BillingNewAddress_CountryId"]</arg>
<arg>134</arg>
<doc>Selects options from selection list ``locator`` by ``values``.</doc>
<msg timestamp="20220708 08:47:47.603" level="INFO">Selecting options from selection list '//select[@id="BillingNewAddress_CountryId"]' by value 134.</msg>
<status status="PASS" starttime="20220708 08:47:47.603" endtime="20220708 08:47:47.856"/>
</kw>
<kw name="Page Should Contain List" library="SeleniumLibrary">
<arg>//select[@id="BillingNewAddress_StateProvinceId"]</arg>
<doc>Verifies selection list ``locator`` is found from current page.</doc>
<msg timestamp="20220708 08:47:47.890" level="INFO">Current page contains list '//select[@id="BillingNewAddress_StateProvinceId"]'.</msg>
<status status="PASS" starttime="20220708 08:47:47.856" endtime="20220708 08:47:47.890"/>
</kw>
<kw name="Select From List By Value" library="SeleniumLibrary">
<arg>//select[@id="BillingNewAddress_StateProvinceId"]</arg>
<arg>0</arg>
<doc>Selects options from selection list ``locator`` by ``values``.</doc>
<msg timestamp="20220708 08:47:47.890" level="INFO">Selecting options from selection list '//select[@id="BillingNewAddress_StateProvinceId"]' by value 0.</msg>
<status status="PASS" starttime="20220708 08:47:47.890" endtime="20220708 08:47:47.983"/>
</kw>
<kw name="Input Text" library="SeleniumLibrary">
<arg>//input[@name="BillingNewAddress.City"]</arg>
<arg>Jakarta</arg>
<doc>Types the given ``text`` into the text field identified by ``locator``.</doc>
<msg timestamp="20220708 08:47:47.990" level="INFO">Typing text 'Jakarta' into text field '//input[@name="BillingNewAddress.City"]'.</msg>
<status status="PASS" starttime="20220708 08:47:47.988" endtime="20220708 08:47:48.103"/>
</kw>
<kw name="Input Text" library="SeleniumLibrary">
<arg>//input[@name="BillingNewAddress.Address1"]</arg>
<arg>Jl. Pembangunan</arg>
<doc>Types the given ``text`` into the text field identified by ``locator``.</doc>
<msg timestamp="20220708 08:47:48.109" level="INFO">Typing text 'Jl. Pembangunan' into text field '//input[@name="BillingNewAddress.Address1"]'.</msg>
<status status="PASS" starttime="20220708 08:47:48.106" endtime="20220708 08:47:48.177"/>
</kw>
<kw name="Input Text" library="SeleniumLibrary">
<arg>//input[@name="BillingNewAddress.Address2"]</arg>
<arg>Jl. Perjuangan</arg>
<doc>Types the given ``text`` into the text field identified by ``locator``.</doc>
<msg timestamp="20220708 08:47:48.177" level="INFO">Typing text 'Jl. Perjuangan' into text field '//input[@name="BillingNewAddress.Address2"]'.</msg>
<status status="PASS" starttime="20220708 08:47:48.177" endtime="20220708 08:47:48.218"/>
</kw>
<kw name="Input Text" library="SeleniumLibrary">
<arg>//input[@id="BillingNewAddress_ZipPostalCode"]</arg>
<arg>40000</arg>
<doc>Types the given ``text`` into the text field identified by ``locator``.</doc>
<msg timestamp="20220708 08:47:48.220" level="INFO">Typing text '40000' into text field '//input[@id="BillingNewAddress_ZipPostalCode"]'.</msg>
<status status="PASS" starttime="20220708 08:47:48.219" endtime="20220708 08:47:48.251"/>
</kw>
<kw name="Input Text" library="SeleniumLibrary">
<arg>//input[@id="BillingNewAddress_PhoneNumber"]</arg>
<arg>0821234567890</arg>
<doc>Types the given ``text`` into the text field identified by ``locator``.</doc>
<msg timestamp="20220708 08:47:48.252" level="INFO">Typing text '0821234567890' into text field '//input[@id="BillingNewAddress_PhoneNumber"]'.</msg>
<status status="PASS" starttime="20220708 08:47:48.251" endtime="20220708 08:47:48.295"/>
</kw>
<kw name="Input Text" library="SeleniumLibrary">
<arg>//input[@id="BillingNewAddress_FaxNumber"]</arg>
<arg>0219999999</arg>
<doc>Types the given ``text`` into the text field identified by ``locator``.</doc>
<msg timestamp="20220708 08:47:48.296" level="INFO">Typing text '0219999999' into text field '//input[@id="BillingNewAddress_FaxNumber"]'.</msg>
<status status="PASS" starttime="20220708 08:47:48.296" endtime="20220708 08:47:48.339"/>
</kw>
<kw name="Click Button" library="SeleniumLibrary">
<arg>//button[@name="save"]</arg>
<doc>Clicks the button identified by ``locator``.</doc>
<msg timestamp="20220708 08:47:48.341" level="INFO">Clicking button '//button[@name="save"]'.</msg>
<status status="PASS" starttime="20220708 08:47:48.340" endtime="20220708 08:47:48.590"/>
</kw>
<kw name="Sleep" library="BuiltIn">
<arg>5s</arg>
<doc>Pauses the test executed for the given time.</doc>
<msg timestamp="20220708 08:47:53.590" level="INFO">Slept 5 seconds</msg>
<status status="PASS" starttime="20220708 08:47:48.590" endtime="20220708 08:47:53.591"/>
</kw>
<status status="PASS" starttime="20220708 08:47:47.203" endtime="20220708 08:47:53.595"/>
</test>
<test id="s1-t6" name="ShippingMethod" line="63">
<kw name="Element Should Be Visible" library="SeleniumLibrary">
<arg>//div[@class="header-logo"]</arg>
<doc>Verifies that the element identified by ``locator`` is visible.</doc>
<msg timestamp="20220708 08:47:53.704" level="INFO">Element '//div[@class="header-logo"]' is displayed.</msg>
<status status="PASS" starttime="20220708 08:47:53.600" endtime="20220708 08:47:53.704"/>
</kw>
<kw name="Page Should Contain Radio Button" library="SeleniumLibrary">
<arg>//input[@id="shippingoption_1"]</arg>
<doc>Verifies radio button ``locator`` is found from current page.</doc>
<msg timestamp="20220708 08:47:53.878" level="INFO">Current page contains radio button '//input[@id="shippingoption_1"]'.</msg>
<status status="PASS" starttime="20220708 08:47:53.705" endtime="20220708 08:47:53.878"/>
</kw>
<kw name="Select Radio Button" library="SeleniumLibrary">
<arg>shippingoption</arg>
<arg>Next Day Air___Shipping.FixedByWeightByTotal</arg>
<doc>Sets the radio button group ``group_name`` to ``value``.</doc>
<msg timestamp="20220708 08:47:53.880" level="INFO">Selecting 'Next Day Air___Shipping.FixedByWeightByTotal' from radio button 'shippingoption'.</msg>
<status status="PASS" starttime="20220708 08:47:53.879" endtime="20220708 08:47:54.242"/>
</kw>
<kw name="Click Button" library="SeleniumLibrary">
<arg>//button[@class="button-1 shipping-method-next-step-button"]</arg>
<doc>Clicks the button identified by ``locator``.</doc>
<msg timestamp="20220708 08:47:54.248" level="INFO">Clicking button '//button[@class="button-1 shipping-method-next-step-button"]'.</msg>
<status status="PASS" starttime="20220708 08:47:54.244" endtime="20220708 08:47:54.633"/>
</kw>
<kw name="Sleep" library="BuiltIn">
<arg>5s</arg>
<doc>Pauses the test executed for the given time.</doc>
<msg timestamp="20220708 08:47:59.640" level="INFO">Slept 5 seconds</msg>
<status status="PASS" starttime="20220708 08:47:54.639" endtime="20220708 08:47:59.640"/>
</kw>
<status status="PASS" starttime="20220708 08:47:53.597" endtime="20220708 08:47:59.640"/>
</test>
<test id="s1-t7" name="PaymentMethod" line="70">
<kw name="Page Should Contain Radio Button" library="SeleniumLibrary">
<arg>//input[@id="paymentmethod_1"]</arg>
<doc>Verifies radio button ``locator`` is found from current page.</doc>
<msg timestamp="20220708 08:47:59.745" level="INFO">Current page contains radio button '//input[@id="paymentmethod_1"]'.</msg>
<status status="PASS" starttime="20220708 08:47:59.654" endtime="20220708 08:47:59.745"/>
</kw>
<kw name="Select Radio Button" library="SeleniumLibrary">
<arg>paymentmethod</arg>
<arg>Payments.Manual</arg>
<doc>Sets the radio button group ``group_name`` to ``value``.</doc>
<msg timestamp="20220708 08:47:59.745" level="INFO">Selecting 'Payments.Manual' from radio button 'paymentmethod'.</msg>
<status status="PASS" starttime="20220708 08:47:59.745" endtime="20220708 08:48:00.028"/>
</kw>
<kw name="Click Button" library="SeleniumLibrary">
<arg>//button[@class="button-1 payment-method-next-step-button"]</arg>
<doc>Clicks the button identified by ``locator``.</doc>
<msg timestamp="20220708 08:48:00.033" level="INFO">Clicking button '//button[@class="button-1 payment-method-next-step-button"]'.</msg>
<status status="PASS" starttime="20220708 08:48:00.030" endtime="20220708 08:48:00.314"/>
</kw>
<kw name="Sleep" library="BuiltIn">
<arg>3s</arg>
<doc>Pauses the test executed for the given time.</doc>
<msg timestamp="20220708 08:48:03.324" level="INFO">Slept 3 seconds</msg>
<status status="PASS" starttime="20220708 08:48:00.314" endtime="20220708 08:48:03.324"/>
</kw>
<status status="PASS" starttime="20220708 08:47:59.653" endtime="20220708 08:48:03.324"/>
</test>
<test id="s1-t8" name="PaymentInformation" line="76">
<kw name="Element Should Be Visible" library="SeleniumLibrary">
<arg>//div[@class="header-logo"]</arg>
<doc>Verifies that the element identified by ``locator`` is visible.</doc>
<msg timestamp="20220708 08:48:03.413" level="INFO">Element '//div[@class="header-logo"]' is displayed.</msg>
<status status="PASS" starttime="20220708 08:48:03.338" endtime="20220708 08:48:03.413"/>
</kw>
<kw name="Page Should Contain List" library="SeleniumLibrary">
<arg>//select[@id="CreditCardType"]</arg>
<doc>Verifies selection list ``locator`` is found from current page.</doc>
<msg timestamp="20220708 08:48:03.433" level="INFO">Current page contains list '//select[@id="CreditCardType"]'.</msg>
<status status="PASS" starttime="20220708 08:48:03.413" endtime="20220708 08:48:03.433"/>
</kw>
<kw name="Select From List By Value" library="SeleniumLibrary">
<arg>//select[@id="CreditCardType"]</arg>
<arg>MasterCard</arg>
<doc>Selects options from selection list ``locator`` by ``values``.</doc>
<msg timestamp="20220708 08:48:03.433" level="INFO">Selecting options from selection list '//select[@id="CreditCardType"]' by value MasterCard.</msg>
<status status="PASS" starttime="20220708 08:48:03.433" endtime="20220708 08:48:03.708"/>
</kw>
<kw name="Input Text" library="SeleniumLibrary">
<arg>//input[@id="CardholderName"]</arg>
<arg>Cecep Solehudin</arg>
<doc>Types the given ``text`` into the text field identified by ``locator``.</doc>
<msg timestamp="20220708 08:48:03.708" level="INFO">Typing text 'Cecep Solehudin' into text field '//input[@id="CardholderName"]'.</msg>
<status status="PASS" starttime="20220708 08:48:03.708" endtime="20220708 08:48:03.822"/>
</kw>
<kw name="Input Text" library="SeleniumLibrary">
<arg>//input[@id="CardNumber"]</arg>
<arg>374245455400126</arg>
<doc>Types the given ``text`` into the text field identified by ``locator``.</doc>
<msg timestamp="20220708 08:48:03.822" level="INFO">Typing text '374245455400126' into text field '//input[@id="CardNumber"]'.</msg>
<status status="PASS" starttime="20220708 08:48:03.822" endtime="20220708 08:48:03.880"/>
</kw>
<kw name="Page Should Contain List" library="SeleniumLibrary">
<arg>//select[@id="ExpireMonth"]</arg>
<doc>Verifies selection list ``locator`` is found from current page.</doc>
<msg timestamp="20220708 08:48:03.893" level="INFO">Current page contains list '//select[@id="ExpireMonth"]'.</msg>
<status status="PASS" starttime="20220708 08:48:03.880" endtime="20220708 08:48:03.893"/>
</kw>
<kw name="Select From List By Value" library="SeleniumLibrary">
<arg>//select[@id="ExpireMonth"]</arg>
<arg>9</arg>
<doc>Selects options from selection list ``locator`` by ``values``.</doc>
<msg timestamp="20220708 08:48:03.893" level="INFO">Selecting options from selection list '//select[@id="ExpireMonth"]' by value 9.</msg>
<status status="PASS" starttime="20220708 08:48:03.893" endtime="20220708 08:48:04.142"/>
</kw>
<kw name="Page Should Contain List" library="SeleniumLibrary">
<arg>//select[@id="ExpireYear"]</arg>
<doc>Verifies selection list ``locator`` is found from current page.</doc>
<msg timestamp="20220708 08:48:04.175" level="INFO">Current page contains list '//select[@id="ExpireYear"]'.</msg>
<status status="PASS" starttime="20220708 08:48:04.142" endtime="20220708 08:48:04.175"/>
</kw>
<kw name="Select From List By Value" library="SeleniumLibrary">
<arg>//select[@id="ExpireYear"]</arg>
<arg>2024</arg>
<doc>Selects options from selection list ``locator`` by ``values``.</doc>
<msg timestamp="20220708 08:48:04.175" level="INFO">Selecting options from selection list '//select[@id="ExpireYear"]' by value 2024.</msg>
<status status="PASS" starttime="20220708 08:48:04.175" endtime="20220708 08:48:04.508"/>
</kw>
<kw name="Input Text" library="SeleniumLibrary">
<arg>//input[@id="CardCode"]</arg>
<arg>002</arg>
<doc>Types the given ``text`` into the text field identified by ``locator``.</doc>
<msg timestamp="20220708 08:48:04.516" level="INFO">Typing text '002' into text field '//input[@id="CardCode"]'.</msg>
<status status="PASS" starttime="20220708 08:48:04.508" endtime="20220708 08:48:04.581"/>
</kw>
<kw name="Click Button" library="SeleniumLibrary">
<arg>//button[@class="button-1 payment-info-next-step-button"]</arg>
<doc>Clicks the button identified by ``locator``.</doc>
<msg timestamp="20220708 08:48:04.583" level="INFO">Clicking button '//button[@class="button-1 payment-info-next-step-button"]'.</msg>
<status status="PASS" starttime="20220708 08:48:04.582" endtime="20220708 08:48:04.839"/>
</kw>
<kw name="Sleep" library="BuiltIn">
<arg>3s</arg>
<doc>Pauses the test executed for the given time.</doc>
<msg timestamp="20220708 08:48:07.851" level="INFO">Slept 3 seconds</msg>
<status status="PASS" starttime="20220708 08:48:04.844" endtime="20220708 08:48:07.852"/>
</kw>
<kw name="Close Browser" library="SeleniumLibrary">
<doc>Closes the current browser.</doc>
<status status="PASS" starttime="20220708 08:48:07.854" endtime="20220708 08:48:09.596"/>
</kw>
<status status="PASS" starttime="20220708 08:48:03.330" endtime="20220708 08:48:09.598"/>
</test>
<status status="PASS" starttime="20220708 08:46:48.672" endtime="20220708 08:48:09.600"/>
</suite>
<statistics>
<total>
<stat pass="8" fail="0" skip="0">All Tests</stat>
</total>
<tag>
</tag>
<suite>
<stat pass="8" fail="0" skip="0" id="s1" name="CheckoutAsGuest">CheckoutAsGuest</stat>
</suite>
</statistics>
<errors>
</errors>
</robot>
